<?xml version="1.0" encoding="UTF-8"?>
<testng-results ignored="0" total="2" passed="2" failed="0" skipped="0">
  <reporter-output>
  </reporter-output>
  <suite started-at="2024-02-02T14:47:49 IST" name="Suite" finished-at="2024-02-02T14:48:01 IST" duration-ms="11688">
    <groups>
      <group name="regration">
        <method signature="TC_001_AccountRegistrationTest.verify_account_registration()[pri:0, instance:TestCases.TC_001_AccountRegistrationTest@66fdec9]" name="verify_account_registration" class="TestCases.TC_001_AccountRegistrationTest"/>
      </group> <!-- regration -->
      <group name="sanity">
        <method signature="TC_002_LoginTest.Verify_login()[pri:0, instance:TestCases.TC_002_LoginTest@5d8bafa9]" name="Verify_login" class="TestCases.TC_002_LoginTest"/>
      </group> <!-- sanity -->
      <group name="master">
        <method signature="TC_001_AccountRegistrationTest.verify_account_registration()[pri:0, instance:TestCases.TC_001_AccountRegistrationTest@66fdec9]" name="verify_account_registration" class="TestCases.TC_001_AccountRegistrationTest"/>
        <method signature="TC_002_LoginTest.Verify_login()[pri:0, instance:TestCases.TC_002_LoginTest@5d8bafa9]" name="Verify_login" class="TestCases.TC_002_LoginTest"/>
      </group> <!-- master -->
    </groups>
    <test started-at="2024-02-02T14:47:49 IST" name="chrome test" finished-at="2024-02-02T14:48:01 IST" duration-ms="11688">
      <class name="TestCases.TC_001_AccountRegistrationTest">
        <test-method is-config="true" signature="setup(java.lang.String,java.lang.String)[pri:0, instance:TestCases.TC_001_AccountRegistrationTest@66fdec9]" started-at="2024-02-02T14:47:49 IST" name="setup" finished-at="2024-02-02T14:47:54 IST" duration-ms="5053" status="PASS">
          <params>
            <param index="0">
              <value>
                <![CDATA[Windows]]>
              </value>
            </param>
            <param index="1">
              <value>
                <![CDATA[chrome]]>
              </value>
            </param>
          </params>
          <reporter-output>
          </reporter-output>
        </test-method> <!-- setup -->
        <test-method signature="verify_account_registration()[pri:0, instance:TestCases.TC_001_AccountRegistrationTest@66fdec9]" started-at="2024-02-02T14:47:54 IST" name="verify_account_registration" finished-at="2024-02-02T14:47:56 IST" duration-ms="1320" status="PASS">
          <reporter-output>
          </reporter-output>
        </test-method> <!-- verify_account_registration -->
        <test-method is-config="true" signature="tearDown()[pri:0, instance:TestCases.TC_001_AccountRegistrationTest@66fdec9]" started-at="2024-02-02T14:47:56 IST" name="tearDown" finished-at="2024-02-02T14:47:56 IST" duration-ms="77" status="PASS">
          <reporter-output>
          </reporter-output>
        </test-method> <!-- tearDown -->
      </class> <!-- TestCases.TC_001_AccountRegistrationTest -->
      <class name="TestCases.TC_002_LoginTest">
        <test-method is-config="true" signature="setup(java.lang.String,java.lang.String)[pri:0, instance:TestCases.TC_002_LoginTest@5d8bafa9]" started-at="2024-02-02T14:47:56 IST" name="setup" finished-at="2024-02-02T14:48:00 IST" duration-ms="3981" status="PASS">
          <params>
            <param index="0">
              <value>
                <![CDATA[Windows]]>
              </value>
            </param>
            <param index="1">
              <value>
                <![CDATA[chrome]]>
              </value>
            </param>
          </params>
          <reporter-output>
          </reporter-output>
        </test-method> <!-- setup -->
        <test-method signature="Verify_login()[pri:0, instance:TestCases.TC_002_LoginTest@5d8bafa9]" started-at="2024-02-02T14:48:00 IST" name="Verify_login" finished-at="2024-02-02T14:48:01 IST" duration-ms="969" status="PASS">
          <reporter-output>
          </reporter-output>
        </test-method> <!-- Verify_login -->
        <test-method is-config="true" signature="tearDown()[pri:0, instance:TestCases.TC_002_LoginTest@5d8bafa9]" started-at="2024-02-02T14:48:01 IST" name="tearDown" finished-at="2024-02-02T14:48:01 IST" duration-ms="90" status="PASS">
          <reporter-output>
          </reporter-output>
        </test-method> <!-- tearDown -->
      </class> <!-- TestCases.TC_002_LoginTest -->
    </test> <!-- chrome test -->
  </suite> <!-- Suite -->
</testng-results>
