<?xml version="1.0" encoding="UTF-8"?>
<testng-results ignored="0" total="2" passed="2" failed="0" skipped="0">
  <reporter-output>
  </reporter-output>
  <suite started-at="2024-02-02T14:03:04 IST" name="Suite" finished-at="2024-02-02T14:03:18 IST" duration-ms="14153">
    <groups>
      <group name="regration">
        <method signature="TC_001_AccountRegistrationTest.verify_account_registration()[pri:0, instance:TestCases.TC_001_AccountRegistrationTest@61001b64]" name="verify_account_registration" class="TestCases.TC_001_AccountRegistrationTest"/>
      </group> <!-- regration -->
      <group name="sanity">
        <method signature="TC_002_LoginTest.Verify_login()[pri:0, instance:TestCases.TC_002_LoginTest@2dc54ad4]" name="Verify_login" class="TestCases.TC_002_LoginTest"/>
      </group> <!-- sanity -->
      <group name="master">
        <method signature="TC_001_AccountRegistrationTest.verify_account_registration()[pri:0, instance:TestCases.TC_001_AccountRegistrationTest@61001b64]" name="verify_account_registration" class="TestCases.TC_001_AccountRegistrationTest"/>
        <method signature="TC_002_LoginTest.Verify_login()[pri:0, instance:TestCases.TC_002_LoginTest@2dc54ad4]" name="Verify_login" class="TestCases.TC_002_LoginTest"/>
      </group> <!-- master -->
    </groups>
    <test started-at="2024-02-02T14:03:04 IST" name="chrome test" finished-at="2024-02-02T14:03:18 IST" duration-ms="14153">
      <class name="TestCases.TC_001_AccountRegistrationTest">
        <test-method is-config="true" signature="setup(java.lang.String,java.lang.String)[pri:0, instance:TestCases.TC_001_AccountRegistrationTest@61001b64]" started-at="2024-02-02T14:03:04 IST" name="setup" finished-at="2024-02-02T14:03:10 IST" duration-ms="5908" status="PASS">
          <params>
            <param index="0">
              <value>
                <![CDATA[mac]]>
              </value>
            </param>
            <param index="1">
              <value>
                <![CDATA[edge]]>
              </value>
            </param>
          </params>
          <reporter-output>
          </reporter-output>
        </test-method> <!-- setup -->
        <test-method signature="verify_account_registration()[pri:0, instance:TestCases.TC_001_AccountRegistrationTest@61001b64]" started-at="2024-02-02T14:03:10 IST" name="verify_account_registration" finished-at="2024-02-02T14:03:13 IST" duration-ms="2369" status="PASS">
          <reporter-output>
          </reporter-output>
        </test-method> <!-- verify_account_registration -->
        <test-method is-config="true" signature="tearDown()[pri:0, instance:TestCases.TC_001_AccountRegistrationTest@61001b64]" started-at="2024-02-02T14:03:13 IST" name="tearDown" finished-at="2024-02-02T14:03:13 IST" duration-ms="306" status="PASS">
          <reporter-output>
          </reporter-output>
        </test-method> <!-- tearDown -->
      </class> <!-- TestCases.TC_001_AccountRegistrationTest -->
      <class name="TestCases.TC_002_LoginTest">
        <test-method is-config="true" signature="setup(java.lang.String,java.lang.String)[pri:0, instance:TestCases.TC_002_LoginTest@2dc54ad4]" started-at="2024-02-02T14:03:13 IST" name="setup" finished-at="2024-02-02T14:03:17 IST" duration-ms="3978" status="PASS">
          <params>
            <param index="0">
              <value>
                <![CDATA[mac]]>
              </value>
            </param>
            <param index="1">
              <value>
                <![CDATA[edge]]>
              </value>
            </param>
          </params>
          <reporter-output>
          </reporter-output>
        </test-method> <!-- setup -->
        <test-method signature="Verify_login()[pri:0, instance:TestCases.TC_002_LoginTest@2dc54ad4]" started-at="2024-02-02T14:03:17 IST" name="Verify_login" finished-at="2024-02-02T14:03:18 IST" duration-ms="1228" status="PASS">
          <reporter-output>
          </reporter-output>
        </test-method> <!-- Verify_login -->
        <test-method is-config="true" signature="tearDown()[pri:0, instance:TestCases.TC_002_LoginTest@2dc54ad4]" started-at="2024-02-02T14:03:18 IST" name="tearDown" finished-at="2024-02-02T14:03:18 IST" duration-ms="132" status="PASS">
          <reporter-output>
          </reporter-output>
        </test-method> <!-- tearDown -->
      </class> <!-- TestCases.TC_002_LoginTest -->
    </test> <!-- chrome test -->
  </suite> <!-- Suite -->
</testng-results>
