<?xml version="1.0" encoding="UTF-8"?>
<!-- Generated by org.testng.reporters.JUnitXMLReporter -->
<testsuite ignored="0" hostname="LAPTOP-73LVP7V6" failures="1" tests="1" name="Test" time="7.07" errors="0" timestamp="2024-01-26T22:03:15 IST">
  <testcase classname="TestCases.TC_001_AccountRegistrationTest" name="verify_account_registration" time="1.668">
    <failure type="java.lang.AssertionError" message="expected [Your Account Has Been Created!!!!] but found [Your Account Has Been Created!]">
      <![CDATA[java.lang.AssertionError: expected [Your Account Has Been Created!!!!] but found [Your Account Has Been Created!]
at TestCases.TC_001_AccountRegistrationTest.verify_account_registration(TC_001_AccountRegistrationTest.java:56)
at java.base/java.util.ArrayList.forEach(ArrayList.java:1511)
... Removed 33 stack frames]]>
    </failure>
  </testcase> <!-- verify_account_registration -->
</testsuite> <!-- Test -->
